#-----------------------------------------------------------
# Webtalk v2018.3 (64-bit)
# SW Build 2405991 on Thu Dec  6 23:38:27 MST 2018
# 
# Start of session at: Tue Jun  8 23:49:36 2021
# Process ID: 2364
# Current directory: D:/Pulpit/MicroBlaze/MicroBlaze/RLC_M/RLC_M.sdk/webtalk
# Command line: wbtcv.exe -mode batch -source sdk_webtalk.tcl
# Log file: D:/Pulpit/MicroBlaze/MicroBlaze/RLC_M/RLC_M.sdk/webtalk/webtalk.log
# Journal file: D:/Pulpit/MicroBlaze/MicroBlaze/RLC_M/RLC_M.sdk/webtalk\webtalk.jou
#-----------------------------------------------------------
source sdk_webtalk.tcl
# webtalk_init -webtalk_dir D:\\Pulpit\\MicroBlaze\\MicroBlaze\\RLC_M\\RLC_M.sdk\\webtalk
# webtalk_register_client -client project
# webtalk_add_data -client project -key date_generated -value "2021-06-08 23:49:35" -context "software_version_and_target_device"
# webtalk_add_data -client project -key product_version -value "SDK v2018.3" -context "software_version_and_target_device"
# webtalk_add_data -client project -key build_version -value "2018.3" -context "software_version_and_target_device"
# webtalk_add_data -client project -key os_platform -value "amd64" -context "software_version_and_target_device"
# webtalk_add_data -client project -key registration_id -value "" -context "software_version_and_target_device"
# webtalk_add_data -client project -key tool_flow -value "SDK" -context "software_version_and_target_device"
# webtalk_add_data -client project -key beta -value "false" -context "software_version_and_target_device"
# webtalk_add_data -client project -key route_design -value "NA" -context "software_version_and_target_device"
# webtalk_add_data -client project -key target_family -value "NA" -context "software_version_and_target_device"
# webtalk_add_data -client project -key target_device -value "NA" -context "software_version_and_target_device"
# webtalk_add_data -client project -key target_package -value "NA" -context "software_version_and_target_device"
# webtalk_add_data -client project -key target_speed -value "NA" -context "software_version_and_target_device"
# webtalk_add_data -client project -key random_id -value "1dij5k6nhp1cphqc0og4gcf0rv" -context "software_version_and_target_device"
# webtalk_add_data -client project -key project_id -value "2018.3_6" -context "software_version_and_target_device"
# webtalk_add_data -client project -key project_iteration -value "6" -context "software_version_and_target_device"
# webtalk_add_data -client project -key os_name -value "Microsoft Windows 8 or later , 64-bit" -context "user_environment"
# webtalk_add_data -client project -key os_release -value "major release  (build 9200)" -context "user_environment"
# webtalk_add_data -client project -key cpu_name -value "Intel(R) Core(TM) i7-4710HQ CPU @ 2.50GHz" -context "user_environment"
# webtalk_add_data -client project -key cpu_speed -value "2494 MHz" -context "user_environment"
# webtalk_add_data -client project -key total_processors -value "1" -context "user_environment"
# webtalk_add_data -client project -key system_ram -value "8.467 GB" -context "user_environment"
# webtalk_register_client -client sdk
# webtalk_add_data -client sdk -key uid -value "1623188331282" -context "sdk\\\\bsp/1623188331282"
# webtalk_add_data -client sdk -key hwid -value "1623103355271" -context "sdk\\\\bsp/1623188331282"
# webtalk_add_data -client sdk -key os -value "standalone" -context "sdk\\\\bsp/1623188331282"
# webtalk_add_data -client sdk -key apptemplate -value "empty_application" -context "sdk\\\\bsp/1623188331282"
# webtalk_add_data -client sdk -key RecordType -value "BSPCreation" -context "sdk\\\\bsp/1623188331282"
# webtalk_add_data -client sdk -key uid -value "1623188333226" -context "sdk\\\\application/1623188333226"
# webtalk_add_data -client sdk -key hwid -value "1623103355271" -context "sdk\\\\application/1623188333226"
# webtalk_add_data -client sdk -key bspid -value "1623188331282" -context "sdk\\\\application/1623188333226"
# webtalk_add_data -client sdk -key newbsp -value "true" -context "sdk\\\\application/1623188333226"
# webtalk_add_data -client sdk -key os -value "standalone" -context "sdk\\\\application/1623188333226"
# webtalk_add_data -client sdk -key apptemplate -value "empty_application" -context "sdk\\\\application/1623188333226"
# webtalk_add_data -client sdk -key RecordType -value "APPCreation" -context "sdk\\\\application/1623188333226"
# webtalk_add_data -client sdk -key LangUsed -value "C" -context "sdk\\\\application/1623188333226"
# webtalk_add_data -client sdk -key Procused -value "microblaze" -context "sdk\\\\application/1623188333226"
# webtalk_add_data -client sdk -key projSize -value "82.94921875" -context "sdk\\\\application/1623188333226"
# webtalk_add_data -client sdk -key uid -value "NA" -context "sdk\\\\bsp/1623188975180"
# webtalk_add_data -client sdk -key RecordType -value "ToolUsage" -context "sdk\\\\bsp/1623188975180"
# webtalk_add_data -client sdk -key BootgenCount -value "0" -context "sdk\\\\bsp/1623188975180"
# webtalk_add_data -client sdk -key DebugCount -value "0" -context "sdk\\\\bsp/1623188975180"
# webtalk_add_data -client sdk -key PerfCount -value "0" -context "sdk\\\\bsp/1623188975180"
# webtalk_add_data -client sdk -key FlashCount -value "0" -context "sdk\\\\bsp/1623188975180"
# webtalk_add_data -client sdk -key CrossTriggCount -value "0" -context "sdk\\\\bsp/1623188975180"
# webtalk_add_data -client sdk -key QemuDebugCount -value "0" -context "sdk\\\\bsp/1623188975180"
# webtalk_transmit -clientid 503870322 -regid "" -xml D:\\Pulpit\\MicroBlaze\\MicroBlaze\\RLC_M\\RLC_M.sdk\\webtalk\\usage_statistics_ext_sdk.xml -html D:\\Pulpit\\MicroBlaze\\MicroBlaze\\RLC_M\\RLC_M.sdk\\webtalk\\usage_statistics_ext_sdk.html -wdm D:\\Pulpit\\MicroBlaze\\MicroBlaze\\RLC_M\\RLC_M.sdk\\webtalk\\sdk_webtalk.wdm -intro "<H3>SDK Usage Report</H3><BR>"
# webtalk_terminate
INFO: [Common 17-206] Exiting Webtalk at Tue Jun  8 23:49:39 2021...
