Copyright 1986-2018 Xilinx, Inc. All Rights Reserved.
------------------------------------------------------------------------------------
| Tool Version : Vivado v.2018.3 (win64) Build 2405991 Thu Dec  6 23:38:27 MST 2018
| Date         : Tue Jun  8 22:13:17 2021
| Host         : Lenovo-Y50 running 64-bit major release  (build 9200)
| Command      : upgrade_ip
| Device       : xc7z020clg484-1
------------------------------------------------------------------------------------

Upgrade Log for IP 'rlc_design_decoder_ip_0_0'

1. Summary
----------

SUCCESS in the upgrade of rlc_design_decoder_ip_0_0 (xilinx.com:user:decoder_ip:1.0) from (Rev. 3) to (Rev. 4)






Copyright 1986-2018 Xilinx, Inc. All Rights Reserved.
------------------------------------------------------------------------------------
| Tool Version : Vivado v.2018.3 (win64) Build 2405991 Thu Dec  6 23:38:27 MST 2018
| Date         : Tue Jun  8 22:12:47 2021
| Host         : Lenovo-Y50 running 64-bit major release  (build 9200)
| Command      : upgrade_ip
| Device       : xc7z020clg484-1
------------------------------------------------------------------------------------

Upgrade Log for IP 'rlc_design_coder_ip_0_0'

1. Summary
----------

SUCCESS in the upgrade of rlc_design_coder_ip_0_0 (xilinx.com:user:coder_ip:1.0) from (Rev. 4) to (Rev. 5)






Copyright 1986-2018 Xilinx, Inc. All Rights Reserved.
------------------------------------------------------------------------------------
| Tool Version : Vivado v.2018.3 (win64) Build 2405991 Thu Dec  6 23:38:27 MST 2018
| Date         : Mon Jun  7 15:53:37 2021
| Host         : DESKTOP-3DTPBS3 running 64-bit major release  (build 9200)
| Command      : upgrade_ip
| Device       : xc7z020clg484-1
------------------------------------------------------------------------------------

Upgrade Log for IP 'rlc_design_coder_ip_0_0'

1. Summary
----------

SUCCESS in the upgrade of rlc_design_coder_ip_0_0 (xilinx.com:user:coder_ip:1.0) from (Rev. 3) to (Rev. 4)






Copyright 1986-2018 Xilinx, Inc. All Rights Reserved.
------------------------------------------------------------------------------------
| Tool Version : Vivado v.2018.3 (win64) Build 2405991 Thu Dec  6 23:38:27 MST 2018
| Date         : Mon Jun  7 15:43:08 2021
| Host         : DESKTOP-3DTPBS3 running 64-bit major release  (build 9200)
| Command      : upgrade_ip
| Device       : xc7z020clg484-1
------------------------------------------------------------------------------------

Upgrade Log for IP 'rlc_design_decoder_ip_0_0'

1. Summary
----------

SUCCESS in the upgrade of rlc_design_decoder_ip_0_0 (xilinx.com:user:decoder_ip:1.0) from (Rev. 2) to (Rev. 3)






Copyright 1986-2018 Xilinx, Inc. All Rights Reserved.
------------------------------------------------------------------------------------
| Tool Version : Vivado v.2018.3 (win64) Build 2405991 Thu Dec  6 23:38:27 MST 2018
| Date         : Mon Jun  7 15:11:23 2021
| Host         : DESKTOP-3DTPBS3 running 64-bit major release  (build 9200)
| Command      : upgrade_ip
| Device       : xc7z020clg484-1
------------------------------------------------------------------------------------

Upgrade Log for IP 'rlc_design_coder_ip_0_0'

1. Summary
----------

SUCCESS in the upgrade of rlc_design_coder_ip_0_0 (xilinx.com:user:coder_ip:1.0) from (Rev. 2) to (Rev. 3)






Copyright 1986-2018 Xilinx, Inc. All Rights Reserved.
------------------------------------------------------------------------------------
| Tool Version : Vivado v.2018.3 (win64) Build 2405991 Thu Dec  6 23:38:27 MST 2018
| Date         : Mon Jun  7 14:59:55 2021
| Host         : DESKTOP-3DTPBS3 running 64-bit major release  (build 9200)
| Command      : upgrade_ip
| Device       : xc7z020clg484-1
------------------------------------------------------------------------------------

Upgrade Log for IP 'rlc_design_coder_ip_0_0'

1. Summary
----------

SUCCESS in the upgrade of rlc_design_coder_ip_0_0 (xilinx.com:user:coder_ip:1.0) from (Rev. 1) to (Rev. 2)

