#-----------------------------------------------------------
# Vivado v2018.3 (64-bit)
# SW Build 2405991 on Thu Dec  6 23:38:27 MST 2018
# IP Build 2404404 on Fri Dec  7 01:43:56 MST 2018
# Start of session at: Tue Jun  8 14:59:40 2021
# Process ID: 844
# Current directory: D:/Dokumenty/Pulpit/RLC/ZynQ/RLC_Z
# Command line: vivado.exe -gui_launcher_event rodinguilauncherevent1784 D:\Dokumenty\Pulpit\RLC\ZynQ\RLC_Z\RLC_Z.xpr
# Log file: D:/Dokumenty/Pulpit/RLC/ZynQ/RLC_Z/vivado.log
# Journal file: D:/Dokumenty/Pulpit/RLC/ZynQ/RLC_Z\vivado.jou
#-----------------------------------------------------------
start_gui
open_project D:/Dokumenty/Pulpit/RLC/ZynQ/RLC_Z/RLC_Z.xpr
INFO: [Project 1-313] Project file moved from 'D:/Pulpit/ZynQ/RLC_Z' since last save.
Scanning sources...
Finished scanning sources
INFO: [IP_Flow 19-234] Refreshing IP repositories
INFO: [IP_Flow 19-1700] Loaded user IP repository 'd:/Dokumenty/Pulpit/RLC/ZynQ/ip_repo/coder_ip_1.0'.
INFO: [IP_Flow 19-1700] Loaded user IP repository 'd:/Dokumenty/Pulpit/RLC/ZynQ/ip_repo/decoder_ip_1.0'.
INFO: [IP_Flow 19-2313] Loaded Vivado IP repository 'D:/Programs/Vivado/Vivado/2018.3/data/ip'.
open_project: Time (s): cpu = 00:00:26 ; elapsed = 00:00:12 . Memory (MB): peak = 706.949 ; gain = 122.641
update_compile_order -fileset sources_1
reset_run synth_1
launch_runs impl_1 -to_step write_bitstream -jobs 8
[Tue Jun  8 15:00:40 2021] Launched synth_1...
Run output will be captured here: D:/Dokumenty/Pulpit/RLC/ZynQ/RLC_Z/RLC_Z.runs/synth_1/runme.log
[Tue Jun  8 15:00:40 2021] Launched impl_1...
Run output will be captured here: D:/Dokumenty/Pulpit/RLC/ZynQ/RLC_Z/RLC_Z.runs/impl_1/runme.log
file mkdir D:/Dokumenty/Pulpit/RLC/ZynQ/RLC_Z/RLC_Z.sdk
file copy -force D:/Dokumenty/Pulpit/RLC/ZynQ/RLC_Z/RLC_Z.runs/impl_1/rlc_design_wrapper.sysdef D:/Dokumenty/Pulpit/RLC/ZynQ/RLC_Z/RLC_Z.sdk/rlc_design_wrapper.hdf

launch_sdk -workspace D:/Dokumenty/Pulpit/RLC/ZynQ/RLC_Z/RLC_Z.sdk -hwspec D:/Dokumenty/Pulpit/RLC/ZynQ/RLC_Z/RLC_Z.sdk/rlc_design_wrapper.hdf
INFO: [Vivado 12-393] Launching SDK...
INFO: [Vivado 12-417] Running xsdk -workspace D:/Dokumenty/Pulpit/RLC/ZynQ/RLC_Z/RLC_Z.sdk -hwspec D:/Dokumenty/Pulpit/RLC/ZynQ/RLC_Z/RLC_Z.sdk/rlc_design_wrapper.hdf
INFO: [Vivado 12-3157] SDK launch initiated. Please check console for any further messages.
exit
INFO: [Common 17-206] Exiting Vivado at Tue Jun  8 16:31:53 2021...
