#-----------------------------------------------------------
# Vivado v2018.3 (64-bit)
# SW Build 2405991 on Thu Dec  6 23:38:27 MST 2018
# IP Build 2404404 on Fri Dec  7 01:43:56 MST 2018
# Start of session at: Thu Jun 10 00:25:56 2021
# Process ID: 16280
# Current directory: D:/Dokumenty/Pulpit/RLC/ZynQ/RLC_Z
# Command line: vivado.exe -gui_launcher_event rodinguilauncherevent1388 D:\Dokumenty\Pulpit\RLC\ZynQ\RLC_Z\RLC_Z.xpr
# Log file: D:/Dokumenty/Pulpit/RLC/ZynQ/RLC_Z/vivado.log
# Journal file: D:/Dokumenty/Pulpit/RLC/ZynQ/RLC_Z\vivado.jou
#-----------------------------------------------------------
start_gui
open_project D:/Dokumenty/Pulpit/RLC/ZynQ/RLC_Z/RLC_Z.xpr
Scanning sources...
Finished scanning sources
INFO: [IP_Flow 19-234] Refreshing IP repositories
INFO: [IP_Flow 19-1700] Loaded user IP repository 'd:/Dokumenty/Pulpit/RLC/ZynQ/ip_repo/coder_ip_1.0'.
INFO: [IP_Flow 19-1700] Loaded user IP repository 'd:/Dokumenty/Pulpit/RLC/ZynQ/ip_repo/decoder_ip_1.0'.
INFO: [IP_Flow 19-2313] Loaded Vivado IP repository 'D:/Programs/Vivado/Vivado/2018.3/data/ip'.
open_project: Time (s): cpu = 00:00:27 ; elapsed = 00:00:13 . Memory (MB): peak = 704.641 ; gain = 97.184
launch_sdk -workspace D:/Dokumenty/Pulpit/RLC/ZynQ/RLC_Z/RLC_Z.sdk -hwspec D:/Dokumenty/Pulpit/RLC/ZynQ/RLC_Z/RLC_Z.sdk/rlc_design_wrapper.hdf
INFO: [Vivado 12-393] Launching SDK...
INFO: [Vivado 12-417] Running xsdk -workspace D:/Dokumenty/Pulpit/RLC/ZynQ/RLC_Z/RLC_Z.sdk -hwspec D:/Dokumenty/Pulpit/RLC/ZynQ/RLC_Z/RLC_Z.sdk/rlc_design_wrapper.hdf
INFO: [Vivado 12-3157] SDK launch initiated. Please check console for any further messages.
update_compile_order -fileset sources_1
exit
INFO: [Common 17-206] Exiting Vivado at Thu Jun 10 00:45:06 2021...
