22:29:44 INFO  : Registering command handlers for SDK TCF services
22:29:45 INFO  : Launching XSCT server: xsct.bat -interactive D:\Dokumenty\Pulpit\RLC\MicroBlaze\RLC_M\RLC_M.sdk\temp_xsdb_launch_script.tcl
22:29:48 INFO  : XSCT server has started successfully.
22:29:48 INFO  : Successfully done setting XSCT server connection channel  
22:29:48 INFO  : Successfully done setting SDK workspace  
22:29:48 INFO  : Processing command line option -hwspec D:/Dokumenty/Pulpit/RLC/MicroBlaze/RLC_M/RLC_M.sdk/rlc_design_wrapper.hdf.
22:53:03 INFO  : SDK has detected change in the last modified timestamps for source hardware specification file Source:1623012781820,  Project:1623011366011
22:53:03 INFO  : Project rlc_design_wrapper_hw_platform_0's source hardware specification located at D:/Dokumenty/Pulpit/RLC/MicroBlaze/RLC_M/RLC_M.sdk/rlc_design_wrapper.hdf is now different from the local copy.
		 The local copy will be replaced with the source specification and your workspace will be updated.
22:53:17 INFO  : Copied contents of D:/Dokumenty/Pulpit/RLC/MicroBlaze/RLC_M/RLC_M.sdk/rlc_design_wrapper.hdf into \rlc_design_wrapper_hw_platform_0\system.hdf.
22:53:17 INFO  : Synchronizing projects in the workspace with the hardware platform specification changes.
22:53:19 INFO  : 
22:53:20 INFO  : Updating hardware inferred compiler options for rlc_soft.
22:53:20 INFO  : Clearing existing target manager status.
22:53:20 INFO  : Closing and re-opening the MSS file of ther project rlc_soft_bsp
22:53:21 INFO  : Workspace synchronized with the new hardware specification file. Cleaning dependent projects...
22:53:22 WARN  : Linker script will not be updated automatically. Users need to update it manually.
00:02:30 INFO  : Registering command handlers for SDK TCF services
00:02:31 INFO  : Launching XSCT server: xsct.bat -interactive D:\Pulpit\MicroBlaze\MicroBlaze\RLC_M\RLC_M.sdk\temp_xsdb_launch_script.tcl
00:02:34 INFO  : XSCT server has started successfully.
00:02:34 INFO  : Successfully done setting XSCT server connection channel  
00:02:35 INFO  : Successfully done setting SDK workspace  
00:02:35 INFO  : Processing command line option -hwspec D:/Pulpit/MicroBlaze/MicroBlaze/RLC_M/RLC_M.sdk/rlc_design_wrapper.hdf.
23:37:57 INFO  : Launching XSCT server: xsct.bat -interactive D:\Pulpit\MicroBlaze\MicroBlaze\RLC_M\RLC_M.sdk\temp_xsdb_launch_script.tcl
23:37:59 INFO  : XSCT server has started successfully.
23:37:59 INFO  : Successfully done setting XSCT server connection channel  
23:38:02 INFO  : Successfully done setting SDK workspace  
23:38:04 INFO  : Registering command handlers for SDK TCF services
23:38:05 INFO  : Processing command line option -hwspec D:/Pulpit/MicroBlaze/MicroBlaze/RLC_M/RLC_M.sdk/rlc_design_wrapper.hdf.
23:38:05 INFO  : Checking for hwspec changes in the project rlc_design_wrapper_hw_platform_0.
23:38:05 INFO  : SDK has detected change in the last modified timestamps for source hardware specification file Source:1623188262323,  Project:1623103329860
23:38:05 INFO  : The hardware specification for project 'rlc_design_wrapper_hw_platform_0' is different from D:/Pulpit/MicroBlaze/MicroBlaze/RLC_M/RLC_M.sdk/rlc_design_wrapper.hdf.
23:38:05 INFO  : Copied contents of D:/Pulpit/MicroBlaze/MicroBlaze/RLC_M/RLC_M.sdk/rlc_design_wrapper.hdf into \rlc_design_wrapper_hw_platform_0\system.hdf.
23:38:06 INFO  : Synchronizing projects in the workspace with the hardware platform specification changes.
23:38:06 INFO  : Clearing existing target manager status.
23:38:06 INFO  : Workspace synchronized with the new hardware specification file. Cleaning dependent projects...
23:38:06 WARN  : Linker script will not be updated automatically. Users need to update it manually.
23:59:14 INFO  : Registering command handlers for SDK TCF services
23:59:15 INFO  : Launching XSCT server: xsct.bat -interactive D:\Dokumenty\Pulpit\RLC\MicroBlaze\RLC_M\RLC_M.sdk\temp_xsdb_launch_script.tcl
23:59:18 INFO  : XSCT server has started successfully.
23:59:18 INFO  : Successfully done setting XSCT server connection channel  
23:59:18 INFO  : Successfully done setting SDK workspace  
23:59:18 INFO  : Processing command line option -hwspec D:/Dokumenty/Pulpit/RLC/MicroBlaze/RLC_M/RLC_M.sdk/rlc_design_wrapper.hdf.
