#-----------------------------------------------------------
# Vivado v2018.3 (64-bit)
# SW Build 2405991 on Thu Dec  6 23:38:27 MST 2018
# IP Build 2404404 on Fri Dec  7 01:43:56 MST 2018
# Start of session at: Fri Jun  4 14:17:33 2021
# Process ID: 8908
# Current directory: D:/Dokumenty/Pulpit/Studia/II_stopien/8sem/SDUP/Projekt/RLC/src
# Command line: vivado.exe -gui_launcher_event rodinguilauncherevent6164 D:\Dokumenty\Pulpit\Studia\II_stopien\8sem\SDUP\Projekt\RLC\src\RLC.xpr
# Log file: D:/Dokumenty/Pulpit/Studia/II_stopien/8sem/SDUP/Projekt/RLC/src/vivado.log
# Journal file: D:/Dokumenty/Pulpit/Studia/II_stopien/8sem/SDUP/Projekt/RLC/src\vivado.jou
#-----------------------------------------------------------
start_gui
open_project D:/Dokumenty/Pulpit/Studia/II_stopien/8sem/SDUP/Projekt/RLC/src/RLC.xpr
Scanning sources...
Finished scanning sources
INFO: [IP_Flow 19-234] Refreshing IP repositories
INFO: [IP_Flow 19-1704] No user IP repositories specified
INFO: [IP_Flow 19-2313] Loaded Vivado IP repository 'D:/Programs/Vivado/Vivado/2018.3/data/ip'.
open_project: Time (s): cpu = 00:00:19 ; elapsed = 00:00:08 . Memory (MB): peak = 659.652 ; gain = 62.527
exit
INFO: [Common 17-206] Exiting Vivado at Fri Jun  4 14:22:54 2021...
