#-----------------------------------------------------------
# Vivado v2018.3 (64-bit)
# SW Build 2405991 on Thu Dec  6 23:38:27 MST 2018
# IP Build 2404404 on Fri Dec  7 01:43:56 MST 2018
# Start of session at: Thu Jun  3 21:11:14 2021
# Process ID: 13408
# Current directory: D:/Dokumenty/Pulpit/Studia/II_stopien/8sem/SDUP/Projekt/RLC/src
# Command line: vivado.exe -gui_launcher_event rodinguilauncherevent3916 D:\Dokumenty\Pulpit\Studia\II_stopien\8sem\SDUP\Projekt\RLC\src\RLC.xpr
# Log file: D:/Dokumenty/Pulpit/Studia/II_stopien/8sem/SDUP/Projekt/RLC/src/vivado.log
# Journal file: D:/Dokumenty/Pulpit/Studia/II_stopien/8sem/SDUP/Projekt/RLC/src\vivado.jou
#-----------------------------------------------------------
start_gui
open_project D:/Dokumenty/Pulpit/Studia/II_stopien/8sem/SDUP/Projekt/RLC/src/RLC.xpr
Scanning sources...
Finished scanning sources
INFO: [IP_Flow 19-234] Refreshing IP repositories
INFO: [IP_Flow 19-1704] No user IP repositories specified
INFO: [IP_Flow 19-2313] Loaded Vivado IP repository 'D:/Programs/Vivado/Vivado/2018.3/data/ip'.
open_project: Time (s): cpu = 00:00:29 ; elapsed = 00:00:12 . Memory (MB): peak = 685.719 ; gain = 93.047
exit
INFO: [Common 17-206] Exiting Vivado at Thu Jun  3 23:35:00 2021...
