#-----------------------------------------------------------
# Vivado v2018.3 (64-bit)
# SW Build 2405991 on Thu Dec  6 23:38:27 MST 2018
# IP Build 2404404 on Fri Dec  7 01:43:56 MST 2018
# Start of session at: Sat Jun  5 16:16:38 2021
# Process ID: 12976
# Current directory: D:/STUDIA/Magisterka/1ROK/SDUP/RLC/src
# Command line: vivado.exe -gui_launcher_event rodinguilauncherevent2132 D:\STUDIA\Magisterka\1ROK\SDUP\RLC\src\RLC.xpr
# Log file: D:/STUDIA/Magisterka/1ROK/SDUP/RLC/src/vivado.log
# Journal file: D:/STUDIA/Magisterka/1ROK/SDUP/RLC/src\vivado.jou
#-----------------------------------------------------------
start_gui
open_project D:/STUDIA/Magisterka/1ROK/SDUP/RLC/src/RLC.xpr
INFO: [Project 1-313] Project file moved from 'D:/Dokumenty/Pulpit/Studia/II_stopien/8sem/SDUP/Projekt/RLC/src' since last save.
Scanning sources...
Finished scanning sources
INFO: [IP_Flow 19-234] Refreshing IP repositories
INFO: [IP_Flow 19-1704] No user IP repositories specified
INFO: [IP_Flow 19-2313] Loaded Vivado IP repository 'D:/Programy/Xilinx/Vivado/2018.3/data/ip'.
open_project: Time (s): cpu = 00:00:18 ; elapsed = 00:00:07 . Memory (MB): peak = 725.133 ; gain = 106.926
update_compile_order -fileset sources_1
exit
INFO: [Common 17-206] Exiting Vivado at Sat Jun  5 16:26:05 2021...
