#-----------------------------------------------------------
# Vivado v2018.3 (64-bit)
# SW Build 2405991 on Thu Dec  6 23:38:27 MST 2018
# IP Build 2404404 on Fri Dec  7 01:43:56 MST 2018
# Start of session at: Thu Jun 10 17:20:07 2021
# Process ID: 8156
# Current directory: D:/Dokumenty/Pulpit/RLC/RLC_RTL
# Command line: vivado.exe -gui_launcher_event rodinguilauncherevent280 D:\Dokumenty\Pulpit\RLC\RLC_RTL\RLC.xpr
# Log file: D:/Dokumenty/Pulpit/RLC/RLC_RTL/vivado.log
# Journal file: D:/Dokumenty/Pulpit/RLC/RLC_RTL\vivado.jou
#-----------------------------------------------------------
start_gui
open_project D:/Dokumenty/Pulpit/RLC/RLC_RTL/RLC.xpr
INFO: [Project 1-313] Project file moved from 'D:/Dokumenty/Pulpit/RLC/RLC_RTL/src' since last save.
Scanning sources...
Finished scanning sources
INFO: [IP_Flow 19-234] Refreshing IP repositories
INFO: [IP_Flow 19-1704] No user IP repositories specified
INFO: [IP_Flow 19-2313] Loaded Vivado IP repository 'D:/Programs/Vivado/Vivado/2018.3/data/ip'.
open_project: Time (s): cpu = 00:00:31 ; elapsed = 00:00:15 . Memory (MB): peak = 669.711 ; gain = 69.684
update_compile_order -fileset sources_1
exit
INFO: [Common 17-206] Exiting Vivado at Thu Jun 10 17:34:37 2021...

